2018-05-17 13:57:31.151 [main] INFO  o.s.c.a.AnnotationConfigApplicationContext
				-Refreshing org.springframework.context.annotation.AnnotationConfigApplicationContext@4f83df68: startup date [Thu May 17 13:57:31 CST 2018]; root of context hierarchy
2018-05-17 13:57:31.401 [main] INFO  o.s.b.f.a.AutowiredAnnotationBeanPostProcessor
				-JSR-330 'javax.inject.Inject' annotation found and supported for autowiring
2018-05-17 13:57:31.447 [main] INFO  o.s.c.s.PostProcessorRegistrationDelegate$BeanPostProcessorChecker
				-Bean 'configurationPropertiesRebinderAutoConfiguration' of type [org.springframework.cloud.autoconfigure.ConfigurationPropertiesRebinderAutoConfiguration$$EnhancerBySpringCGLIB$$8a75ab7f] is not eligible for getting processed by all BeanPostProcessors (for example: not eligible for auto-proxying)
2018-05-17 13:57:31.493 [background-preinit] INFO  o.h.validator.internal.util.Version
				-HV000001: Hibernate Validator 5.3.6.Final
2018-05-17 13:57:31.838 [main] INFO  com.arthur.EurekaServer
				-No active profile set, falling back to default profiles: default
2018-05-17 13:57:31.854 [main] INFO  o.s.b.c.e.AnnotationConfigEmbeddedWebApplicationContext
				-Refreshing org.springframework.boot.context.embedded.AnnotationConfigEmbeddedWebApplicationContext@2826f61: startup date [Thu May 17 13:57:31 CST 2018]; parent: org.springframework.context.annotation.AnnotationConfigApplicationContext@4f83df68
2018-05-17 13:57:32.835 [main] INFO  o.s.cloud.context.scope.GenericScope
				-BeanFactory id=5faa1d08-9763-3f7e-8b61-d369fc92d8cf
2018-05-17 13:57:32.866 [main] INFO  o.s.b.f.a.AutowiredAnnotationBeanPostProcessor
				-JSR-330 'javax.inject.Inject' annotation found and supported for autowiring
2018-05-17 13:57:32.994 [main] INFO  o.s.c.s.PostProcessorRegistrationDelegate$BeanPostProcessorChecker
				-Bean 'org.springframework.cloud.autoconfigure.ConfigurationPropertiesRebinderAutoConfiguration' of type [org.springframework.cloud.autoconfigure.ConfigurationPropertiesRebinderAutoConfiguration$$EnhancerBySpringCGLIB$$8a75ab7f] is not eligible for getting processed by all BeanPostProcessors (for example: not eligible for auto-proxying)
2018-05-17 13:57:33.352 [main] INFO  o.s.b.c.e.t.TomcatEmbeddedServletContainer
				-Tomcat initialized with port(s): 7070 (http)
2018-05-17 13:57:33.375 [main] INFO  o.a.coyote.http11.Http11NioProtocol
				-Initializing ProtocolHandler ["http-nio-7070"]
2018-05-17 13:57:33.389 [main] INFO  o.a.catalina.core.StandardService
				-Starting service [Tomcat]
2018-05-17 13:57:33.389 [main] INFO  o.a.catalina.core.StandardEngine
				-Starting Servlet Engine: Apache Tomcat/8.5.29
2018-05-17 13:57:33.533 [localhost-startStop-1] INFO  o.a.c.c.C.[Tomcat].[localhost].[/]
				-Initializing Spring embedded WebApplicationContext
2018-05-17 13:57:33.533 [localhost-startStop-1] INFO  o.s.web.context.ContextLoader
				-Root WebApplicationContext: initialization completed in 1679 ms
2018-05-17 13:57:34.071 [localhost-startStop-1] INFO  o.s.b.w.s.FilterRegistrationBean
				-Mapping filter: 'metricsFilter' to: [/*]
2018-05-17 13:57:34.071 [localhost-startStop-1] INFO  o.s.b.w.s.FilterRegistrationBean
				-Mapping filter: 'characterEncodingFilter' to: [/*]
2018-05-17 13:57:34.071 [localhost-startStop-1] INFO  o.s.b.w.s.FilterRegistrationBean
				-Mapping filter: 'hiddenHttpMethodFilter' to: [/*]
2018-05-17 13:57:34.071 [localhost-startStop-1] INFO  o.s.b.w.s.FilterRegistrationBean
				-Mapping filter: 'httpPutFormContentFilter' to: [/*]
2018-05-17 13:57:34.071 [localhost-startStop-1] INFO  o.s.b.w.s.FilterRegistrationBean
				-Mapping filter: 'requestContextFilter' to: [/*]
2018-05-17 13:57:34.072 [localhost-startStop-1] INFO  o.s.b.w.s.FilterRegistrationBean
				-Mapping filter: 'webRequestTraceFilter' to: [/*]
2018-05-17 13:57:34.072 [localhost-startStop-1] INFO  o.s.b.w.s.FilterRegistrationBean
				-Mapping filter: 'servletContainer' to urls: [/eureka/*]
2018-05-17 13:57:34.072 [localhost-startStop-1] INFO  o.s.b.w.s.FilterRegistrationBean
				-Mapping filter: 'applicationContextIdFilter' to: [/*]
2018-05-17 13:57:34.072 [localhost-startStop-1] INFO  o.s.b.w.s.ServletRegistrationBean
				-Mapping servlet: 'dispatcherServlet' to [/]
2018-05-17 13:57:34.182 [localhost-startStop-1] INFO  c.s.j.s.i.a.WebApplicationImpl
				-Initiating Jersey application, version 'Jersey: 1.19.1 03/11/2016 02:08 PM'
2018-05-17 13:57:34.258 [localhost-startStop-1] INFO  c.n.d.p.DiscoveryJerseyProvider
				-Using JSON encoding codec LegacyJacksonJson
2018-05-17 13:57:34.258 [localhost-startStop-1] INFO  c.n.d.p.DiscoveryJerseyProvider
				-Using JSON decoding codec LegacyJacksonJson
2018-05-17 13:57:34.475 [localhost-startStop-1] INFO  c.n.d.p.DiscoveryJerseyProvider
				-Using XML encoding codec XStreamXml
2018-05-17 13:57:34.476 [localhost-startStop-1] INFO  c.n.d.p.DiscoveryJerseyProvider
				-Using XML decoding codec XStreamXml
2018-05-17 13:57:34.937 [main] INFO  o.s.c.n.eureka.InstanceInfoFactory
				-Setting initial instance status as: STARTING
2018-05-17 13:57:34.987 [main] INFO  c.netflix.discovery.DiscoveryClient
				-Client configured to neither register nor query for data.
2018-05-17 13:57:34.997 [main] INFO  c.netflix.discovery.DiscoveryClient
				-Discovery Client initialized at timestamp 1526536654997 with initial instances count: 0
2018-05-17 13:57:35.094 [main] INFO  c.n.e.DefaultEurekaServerContext
				-Initializing ...
2018-05-17 13:57:35.095 [main] INFO  c.n.eureka.cluster.PeerEurekaNodes
				-Adding new peer nodes [http://localhost:7070/eureka/]
2018-05-17 13:57:35.299 [main] INFO  c.n.d.p.DiscoveryJerseyProvider
				-Using JSON encoding codec LegacyJacksonJson
2018-05-17 13:57:35.300 [main] INFO  c.n.d.p.DiscoveryJerseyProvider
				-Using JSON decoding codec LegacyJacksonJson
2018-05-17 13:57:35.300 [main] INFO  c.n.d.p.DiscoveryJerseyProvider
				-Using XML encoding codec XStreamXml
2018-05-17 13:57:35.300 [main] INFO  c.n.d.p.DiscoveryJerseyProvider
				-Using XML decoding codec XStreamXml
2018-05-17 13:57:35.402 [main] INFO  c.n.eureka.cluster.PeerEurekaNodes
				-Replica node URL:  http://localhost:7070/eureka/
2018-05-17 13:57:35.409 [main] INFO  c.n.e.r.AbstractInstanceRegistry
				-Finished initializing remote region registries. All known remote regions: []
2018-05-17 13:57:35.409 [main] INFO  c.n.e.DefaultEurekaServerContext
				-Initialized
2018-05-17 13:57:35.742 [main] INFO  o.s.w.s.m.m.a.RequestMappingHandlerAdapter
				-Looking for @ControllerAdvice: org.springframework.boot.context.embedded.AnnotationConfigEmbeddedWebApplicationContext@2826f61: startup date [Thu May 17 13:57:31 CST 2018]; parent: org.springframework.context.annotation.AnnotationConfigApplicationContext@4f83df68
2018-05-17 13:57:35.872 [main] INFO  o.s.w.s.m.m.a.RequestMappingHandlerMapping
				-Mapped "{[/],methods=[GET]}" onto public java.lang.String org.springframework.cloud.netflix.eureka.server.EurekaController.status(javax.servlet.http.HttpServletRequest,java.util.Map<java.lang.String, java.lang.Object>)
2018-05-17 13:57:35.873 [main] INFO  o.s.w.s.m.m.a.RequestMappingHandlerMapping
				-Mapped "{[/lastn],methods=[GET]}" onto public java.lang.String org.springframework.cloud.netflix.eureka.server.EurekaController.lastn(javax.servlet.http.HttpServletRequest,java.util.Map<java.lang.String, java.lang.Object>)
2018-05-17 13:57:35.874 [main] INFO  o.s.w.s.m.m.a.RequestMappingHandlerMapping
				-Mapped "{[/error]}" onto public org.springframework.http.ResponseEntity<java.util.Map<java.lang.String, java.lang.Object>> org.springframework.boot.autoconfigure.web.BasicErrorController.error(javax.servlet.http.HttpServletRequest)
2018-05-17 13:57:35.874 [main] INFO  o.s.w.s.m.m.a.RequestMappingHandlerMapping
				-Mapped "{[/error],produces=[text/html]}" onto public org.springframework.web.servlet.ModelAndView org.springframework.boot.autoconfigure.web.BasicErrorController.errorHtml(javax.servlet.http.HttpServletRequest,javax.servlet.http.HttpServletResponse)
2018-05-17 13:57:35.901 [main] INFO  o.s.w.s.h.SimpleUrlHandlerMapping
				-Mapped URL path [/webjars/**] onto handler of type [class org.springframework.web.servlet.resource.ResourceHttpRequestHandler]
2018-05-17 13:57:35.901 [main] INFO  o.s.w.s.h.SimpleUrlHandlerMapping
				-Mapped URL path [/**] onto handler of type [class org.springframework.web.servlet.resource.ResourceHttpRequestHandler]
2018-05-17 13:57:35.934 [main] INFO  o.s.w.s.h.SimpleUrlHandlerMapping
				-Mapped URL path [/**/favicon.ico] onto handler of type [class org.springframework.web.servlet.resource.ResourceHttpRequestHandler]
2018-05-17 13:57:36.377 [main] INFO  o.s.b.a.e.mvc.EndpointHandlerMapping
				-Mapped "{[/health || /health.json],methods=[GET],produces=[application/vnd.spring-boot.actuator.v1+json || application/json]}" onto public java.lang.Object org.springframework.boot.actuate.endpoint.mvc.HealthMvcEndpoint.invoke(javax.servlet.http.HttpServletRequest,java.security.Principal)
2018-05-17 13:57:36.378 [main] INFO  o.s.b.a.e.mvc.EndpointHandlerMapping
				-Mapped "{[/auditevents || /auditevents.json],methods=[GET],produces=[application/vnd.spring-boot.actuator.v1+json || application/json]}" onto public org.springframework.http.ResponseEntity<?> org.springframework.boot.actuate.endpoint.mvc.AuditEventsMvcEndpoint.findByPrincipalAndAfterAndType(java.lang.String,java.util.Date,java.lang.String)
2018-05-17 13:57:36.378 [main] INFO  o.s.b.a.e.mvc.EndpointHandlerMapping
				-Mapped "{[/refresh || /refresh.json],methods=[POST]}" onto public java.lang.Object org.springframework.cloud.endpoint.GenericPostableMvcEndpoint.invoke()
2018-05-17 13:57:36.379 [main] INFO  o.s.b.a.e.mvc.EndpointHandlerMapping
				-Mapped "{[/resume || /resume.json],methods=[POST]}" onto public java.lang.Object org.springframework.cloud.endpoint.GenericPostableMvcEndpoint.invoke()
2018-05-17 13:57:36.380 [main] INFO  o.s.b.a.e.mvc.EndpointHandlerMapping
				-Mapped "{[/mappings || /mappings.json],methods=[GET],produces=[application/vnd.spring-boot.actuator.v1+json || application/json]}" onto public java.lang.Object org.springframework.boot.actuate.endpoint.mvc.EndpointMvcAdapter.invoke()
2018-05-17 13:57:36.381 [main] INFO  o.s.b.a.e.mvc.EndpointHandlerMapping
				-Mapped "{[/features || /features.json],methods=[GET],produces=[application/vnd.spring-boot.actuator.v1+json || application/json]}" onto public java.lang.Object org.springframework.boot.actuate.endpoint.mvc.EndpointMvcAdapter.invoke()
2018-05-17 13:57:36.381 [main] INFO  o.s.b.a.e.mvc.EndpointHandlerMapping
				-Mapped "{[/dump || /dump.json],methods=[GET],produces=[application/vnd.spring-boot.actuator.v1+json || application/json]}" onto public java.lang.Object org.springframework.boot.actuate.endpoint.mvc.EndpointMvcAdapter.invoke()
2018-05-17 13:57:36.382 [main] INFO  o.s.b.a.e.mvc.EndpointHandlerMapping
				-Mapped "{[/autoconfig || /autoconfig.json],methods=[GET],produces=[application/vnd.spring-boot.actuator.v1+json || application/json]}" onto public java.lang.Object org.springframework.boot.actuate.endpoint.mvc.EndpointMvcAdapter.invoke()
2018-05-17 13:57:36.384 [main] INFO  o.s.b.a.e.mvc.EndpointHandlerMapping
				-Mapped "{[/metrics/{name:.*}],methods=[GET],produces=[application/vnd.spring-boot.actuator.v1+json || application/json]}" onto public java.lang.Object org.springframework.boot.actuate.endpoint.mvc.MetricsMvcEndpoint.value(java.lang.String)
2018-05-17 13:57:36.384 [main] INFO  o.s.b.a.e.mvc.EndpointHandlerMapping
				-Mapped "{[/metrics || /metrics.json],methods=[GET],produces=[application/vnd.spring-boot.actuator.v1+json || application/json]}" onto public java.lang.Object org.springframework.boot.actuate.endpoint.mvc.EndpointMvcAdapter.invoke()
2018-05-17 13:57:36.385 [main] INFO  o.s.b.a.e.mvc.EndpointHandlerMapping
				-Mapped "{[/configprops || /configprops.json],methods=[GET],produces=[application/vnd.spring-boot.actuator.v1+json || application/json]}" onto public java.lang.Object org.springframework.boot.actuate.endpoint.mvc.EndpointMvcAdapter.invoke()
2018-05-17 13:57:36.386 [main] INFO  o.s.b.a.e.mvc.EndpointHandlerMapping
				-Mapped "{[/beans || /beans.json],methods=[GET],produces=[application/vnd.spring-boot.actuator.v1+json || application/json]}" onto public java.lang.Object org.springframework.boot.actuate.endpoint.mvc.EndpointMvcAdapter.invoke()
2018-05-17 13:57:36.387 [main] INFO  o.s.b.a.e.mvc.EndpointHandlerMapping
				-Mapped "{[/loggers/{name:.*}],methods=[GET],produces=[application/vnd.spring-boot.actuator.v1+json || application/json]}" onto public java.lang.Object org.springframework.boot.actuate.endpoint.mvc.LoggersMvcEndpoint.get(java.lang.String)
2018-05-17 13:57:36.388 [main] INFO  o.s.b.a.e.mvc.EndpointHandlerMapping
				-Mapped "{[/loggers/{name:.*}],methods=[POST],consumes=[application/vnd.spring-boot.actuator.v1+json || application/json],produces=[application/vnd.spring-boot.actuator.v1+json || application/json]}" onto public java.lang.Object org.springframework.boot.actuate.endpoint.mvc.LoggersMvcEndpoint.set(java.lang.String,java.util.Map<java.lang.String, java.lang.String>)
2018-05-17 13:57:36.388 [main] INFO  o.s.b.a.e.mvc.EndpointHandlerMapping
				-Mapped "{[/loggers || /loggers.json],methods=[GET],produces=[application/vnd.spring-boot.actuator.v1+json || application/json]}" onto public java.lang.Object org.springframework.boot.actuate.endpoint.mvc.EndpointMvcAdapter.invoke()
2018-05-17 13:57:36.388 [main] INFO  o.s.b.a.e.mvc.EndpointHandlerMapping
				-Mapped "{[/heapdump || /heapdump.json],methods=[GET],produces=[application/octet-stream]}" onto public void org.springframework.boot.actuate.endpoint.mvc.HeapdumpMvcEndpoint.invoke(boolean,javax.servlet.http.HttpServletRequest,javax.servlet.http.HttpServletResponse) throws java.io.IOException,javax.servlet.ServletException
2018-05-17 13:57:36.389 [main] INFO  o.s.b.a.e.mvc.EndpointHandlerMapping
				-Mapped "{[/info || /info.json],methods=[GET],produces=[application/vnd.spring-boot.actuator.v1+json || application/json]}" onto public java.lang.Object org.springframework.boot.actuate.endpoint.mvc.EndpointMvcAdapter.invoke()
2018-05-17 13:57:36.389 [main] INFO  o.s.b.a.e.mvc.EndpointHandlerMapping
				-Mapped "{[/pause || /pause.json],methods=[POST]}" onto public java.lang.Object org.springframework.cloud.endpoint.GenericPostableMvcEndpoint.invoke()
2018-05-17 13:57:36.390 [main] INFO  o.s.b.a.e.mvc.EndpointHandlerMapping
				-Mapped "{[/env/{name:.*}],methods=[GET],produces=[application/vnd.spring-boot.actuator.v1+json || application/json]}" onto public java.lang.Object org.springframework.boot.actuate.endpoint.mvc.EnvironmentMvcEndpoint.value(java.lang.String)
2018-05-17 13:57:36.390 [main] INFO  o.s.b.a.e.mvc.EndpointHandlerMapping
				-Mapped "{[/env || /env.json],methods=[GET],produces=[application/vnd.spring-boot.actuator.v1+json || application/json]}" onto public java.lang.Object org.springframework.boot.actuate.endpoint.mvc.EndpointMvcAdapter.invoke()
2018-05-17 13:57:36.392 [main] INFO  o.s.b.a.e.mvc.EndpointHandlerMapping
				-Mapped "{[/env],methods=[POST]}" onto public java.lang.Object org.springframework.cloud.context.environment.EnvironmentManagerMvcEndpoint.value(java.util.Map<java.lang.String, java.lang.String>)
2018-05-17 13:57:36.392 [main] INFO  o.s.b.a.e.mvc.EndpointHandlerMapping
				-Mapped "{[/env/reset],methods=[POST]}" onto public java.util.Map<java.lang.String, java.lang.Object> org.springframework.cloud.context.environment.EnvironmentManagerMvcEndpoint.reset()
2018-05-17 13:57:36.393 [main] INFO  o.s.b.a.e.mvc.EndpointHandlerMapping
				-Mapped "{[/archaius || /archaius.json],methods=[GET],produces=[application/vnd.spring-boot.actuator.v1+json || application/json]}" onto public java.lang.Object org.springframework.boot.actuate.endpoint.mvc.EndpointMvcAdapter.invoke()
2018-05-17 13:57:36.393 [main] INFO  o.s.b.a.e.mvc.EndpointHandlerMapping
				-Mapped "{[/restart || /restart.json],methods=[POST]}" onto public java.lang.Object org.springframework.cloud.context.restart.RestartMvcEndpoint.invoke()
2018-05-17 13:57:36.393 [main] INFO  o.s.b.a.e.mvc.EndpointHandlerMapping
				-Mapped "{[/trace || /trace.json],methods=[GET],produces=[application/vnd.spring-boot.actuator.v1+json || application/json]}" onto public java.lang.Object org.springframework.boot.actuate.endpoint.mvc.EndpointMvcAdapter.invoke()
2018-05-17 13:57:36.529 [main] INFO  o.s.u.f.SpringTemplateLoader
				-SpringTemplateLoader for FreeMarker: using resource loader [org.springframework.boot.context.embedded.AnnotationConfigEmbeddedWebApplicationContext@2826f61: startup date [Thu May 17 13:57:31 CST 2018]; parent: org.springframework.context.annotation.AnnotationConfigApplicationContext@4f83df68] and template loader path [classpath:/templates/]
2018-05-17 13:57:36.531 [main] INFO  o.s.w.s.v.f.FreeMarkerConfigurer
				-ClassTemplateLoader for Spring macros added to FreeMarker configuration
2018-05-17 13:57:36.642 [main] WARN  c.n.c.sources.URLConfigurationSource
				-No URLs will be polled as dynamic configuration sources.
2018-05-17 13:57:36.642 [main] INFO  c.n.c.sources.URLConfigurationSource
				-To enable URLs as dynamic configuration sources, define System property archaius.configurationSource.additionalUrls or make config.properties available on classpath.
2018-05-17 13:57:36.648 [main] WARN  c.n.c.sources.URLConfigurationSource
				-No URLs will be polled as dynamic configuration sources.
2018-05-17 13:57:36.649 [main] INFO  c.n.c.sources.URLConfigurationSource
				-To enable URLs as dynamic configuration sources, define System property archaius.configurationSource.additionalUrls or make config.properties available on classpath.
2018-05-17 13:57:36.717 [main] INFO  o.s.j.e.a.AnnotationMBeanExporter
				-Registering beans for JMX exposure on startup
2018-05-17 13:57:36.725 [main] INFO  o.s.j.e.a.AnnotationMBeanExporter
				-Bean with name 'refreshScope' has been autodetected for JMX exposure
2018-05-17 13:57:36.726 [main] INFO  o.s.j.e.a.AnnotationMBeanExporter
				-Bean with name 'environmentManager' has been autodetected for JMX exposure
2018-05-17 13:57:36.728 [main] INFO  o.s.j.e.a.AnnotationMBeanExporter
				-Bean with name 'configurationPropertiesRebinder' has been autodetected for JMX exposure
2018-05-17 13:57:36.728 [main] INFO  o.s.j.e.a.AnnotationMBeanExporter
				-Bean with name 'refreshEndpoint' has been autodetected for JMX exposure
2018-05-17 13:57:36.729 [main] INFO  o.s.j.e.a.AnnotationMBeanExporter
				-Bean with name 'restartEndpoint' has been autodetected for JMX exposure
2018-05-17 13:57:36.732 [main] INFO  o.s.j.e.a.AnnotationMBeanExporter
				-Located managed bean 'environmentManager': registering with JMX server as MBean [org.springframework.cloud.context.environment:name=environmentManager,type=EnvironmentManager]
2018-05-17 13:57:36.743 [main] INFO  o.s.j.e.a.AnnotationMBeanExporter
				-Located managed bean 'restartEndpoint': registering with JMX server as MBean [org.springframework.cloud.context.restart:name=restartEndpoint,type=RestartEndpoint]
2018-05-17 13:57:36.752 [main] INFO  o.s.j.e.a.AnnotationMBeanExporter
				-Located managed bean 'refreshScope': registering with JMX server as MBean [org.springframework.cloud.context.scope.refresh:name=refreshScope,type=RefreshScope]
2018-05-17 13:57:36.761 [main] INFO  o.s.j.e.a.AnnotationMBeanExporter
				-Located managed bean 'configurationPropertiesRebinder': registering with JMX server as MBean [org.springframework.cloud.context.properties:name=configurationPropertiesRebinder,context=2826f61,type=ConfigurationPropertiesRebinder]
2018-05-17 13:57:36.768 [main] INFO  o.s.j.e.a.AnnotationMBeanExporter
				-Located managed bean 'refreshEndpoint': registering with JMX server as MBean [org.springframework.cloud.endpoint:name=refreshEndpoint,type=RefreshEndpoint]
2018-05-17 13:57:36.770 [main] INFO  o.s.b.a.e.jmx.EndpointMBeanExporter
				-Registering beans for JMX exposure on startup
2018-05-17 13:57:36.934 [main] INFO  o.s.c.s.DefaultLifecycleProcessor
				-Starting beans in phase 0
2018-05-17 13:57:36.935 [Thread-11] INFO  o.s.c.n.e.s.EurekaServerBootstrap
				-Setting the eureka configuration..
2018-05-17 13:57:36.935 [main] INFO  o.s.c.n.e.EurekaDiscoveryClientConfiguration
				-Registering application eureka-server with eureka with status UP
2018-05-17 13:57:36.936 [Thread-11] INFO  o.s.c.n.e.s.EurekaServerBootstrap
				-Eureka data center value eureka.datacenter is not set, defaulting to default
2018-05-17 13:57:36.936 [Thread-11] INFO  o.s.c.n.e.s.EurekaServerBootstrap
				-Eureka environment value eureka.environment is not set, defaulting to test
2018-05-17 13:57:36.938 [main] INFO  o.s.b.a.e.jmx.EndpointMBeanExporter
				-Located managed bean 'auditEventsEndpoint': registering with JMX server as MBean [org.springframework.boot:type=Endpoint,name=auditEventsEndpoint]
2018-05-17 13:57:36.947 [main] INFO  o.s.b.a.e.jmx.EndpointMBeanExporter
				-Located managed bean 'featuresEndpoint': registering with JMX server as MBean [org.springframework.boot:type=Endpoint,name=featuresEndpoint]
2018-05-17 13:57:36.959 [Thread-11] INFO  o.s.c.n.e.s.EurekaServerBootstrap
				-isAws returned false
2018-05-17 13:57:36.959 [Thread-11] INFO  o.s.c.n.e.s.EurekaServerBootstrap
				-Initialized server context
2018-05-17 13:57:36.959 [Thread-11] INFO  c.n.e.r.PeerAwareInstanceRegistryImpl
				-Got 1 instances from neighboring DS node
2018-05-17 13:57:36.959 [Thread-11] INFO  c.n.e.r.PeerAwareInstanceRegistryImpl
				-Renew threshold is: 1
2018-05-17 13:57:36.960 [Thread-11] INFO  c.n.e.r.PeerAwareInstanceRegistryImpl
				-Changing status to UP
2018-05-17 13:57:36.960 [main] INFO  o.s.b.a.e.jmx.EndpointMBeanExporter
				-Located managed bean 'requestMappingEndpoint': registering with JMX server as MBean [org.springframework.boot:type=Endpoint,name=requestMappingEndpoint]
2018-05-17 13:57:36.963 [main] INFO  o.s.b.a.e.jmx.EndpointMBeanExporter
				-Located managed bean 'environmentEndpoint': registering with JMX server as MBean [org.springframework.boot:type=Endpoint,name=environmentEndpoint]
2018-05-17 13:57:36.966 [main] INFO  o.s.b.a.e.jmx.EndpointMBeanExporter
				-Located managed bean 'healthEndpoint': registering with JMX server as MBean [org.springframework.boot:type=Endpoint,name=healthEndpoint]
2018-05-17 13:57:36.966 [Thread-11] INFO  o.s.c.n.e.s.EurekaServerInitializerConfiguration
				-Started Eureka Server
2018-05-17 13:57:36.969 [main] INFO  o.s.b.a.e.jmx.EndpointMBeanExporter
				-Located managed bean 'beansEndpoint': registering with JMX server as MBean [org.springframework.boot:type=Endpoint,name=beansEndpoint]
2018-05-17 13:57:36.972 [main] INFO  o.s.b.a.e.jmx.EndpointMBeanExporter
				-Located managed bean 'infoEndpoint': registering with JMX server as MBean [org.springframework.boot:type=Endpoint,name=infoEndpoint]
2018-05-17 13:57:36.975 [main] INFO  o.s.b.a.e.jmx.EndpointMBeanExporter
				-Located managed bean 'loggersEndpoint': registering with JMX server as MBean [org.springframework.boot:type=Endpoint,name=loggersEndpoint]
2018-05-17 13:57:36.981 [main] INFO  o.s.b.a.e.jmx.EndpointMBeanExporter
				-Located managed bean 'metricsEndpoint': registering with JMX server as MBean [org.springframework.boot:type=Endpoint,name=metricsEndpoint]
2018-05-17 13:57:36.983 [main] INFO  o.s.b.a.e.jmx.EndpointMBeanExporter
				-Located managed bean 'traceEndpoint': registering with JMX server as MBean [org.springframework.boot:type=Endpoint,name=traceEndpoint]
2018-05-17 13:57:36.985 [main] INFO  o.s.b.a.e.jmx.EndpointMBeanExporter
				-Located managed bean 'dumpEndpoint': registering with JMX server as MBean [org.springframework.boot:type=Endpoint,name=dumpEndpoint]
2018-05-17 13:57:36.987 [main] INFO  o.s.b.a.e.jmx.EndpointMBeanExporter
				-Located managed bean 'autoConfigurationReportEndpoint': registering with JMX server as MBean [org.springframework.boot:type=Endpoint,name=autoConfigurationReportEndpoint]
2018-05-17 13:57:36.989 [main] INFO  o.s.b.a.e.jmx.EndpointMBeanExporter
				-Located managed bean 'configurationPropertiesReportEndpoint': registering with JMX server as MBean [org.springframework.boot:type=Endpoint,name=configurationPropertiesReportEndpoint]
2018-05-17 13:57:36.991 [main] INFO  o.s.b.a.e.jmx.EndpointMBeanExporter
				-Located managed bean 'archaiusEndpoint': registering with JMX server as MBean [org.springframework.boot:type=Endpoint,name=archaiusEndpoint]
2018-05-17 13:57:37.009 [main] INFO  o.a.coyote.http11.Http11NioProtocol
				-Starting ProtocolHandler ["http-nio-7070"]
2018-05-17 13:57:37.034 [main] INFO  o.a.tomcat.util.net.NioSelectorPool
				-Using a shared selector for servlet write/read
2018-05-17 13:57:37.053 [main] INFO  o.s.b.c.e.t.TomcatEmbeddedServletContainer
				-Tomcat started on port(s): 7070 (http)
2018-05-17 13:57:37.054 [main] INFO  o.s.c.n.e.EurekaDiscoveryClientConfiguration
				-Updating port to 7070
2018-05-17 13:57:37.059 [main] INFO  com.arthur.EurekaServer
				-Started EurekaServer in 6.32 seconds (JVM running for 6.898)
2018-05-17 13:58:24.666 [http-nio-7070-exec-1] INFO  o.a.c.c.C.[Tomcat].[localhost].[/]
				-Initializing Spring FrameworkServlet 'dispatcherServlet'
2018-05-17 13:58:24.667 [http-nio-7070-exec-1] INFO  o.s.web.servlet.DispatcherServlet
				-FrameworkServlet 'dispatcherServlet': initialization started
2018-05-17 13:58:24.694 [http-nio-7070-exec-1] INFO  o.s.web.servlet.DispatcherServlet
				-FrameworkServlet 'dispatcherServlet': initialization completed in 27 ms
2018-05-17 13:58:25.090 [http-nio-7070-exec-2] INFO  c.n.e.r.AbstractInstanceRegistry
				-Registered instance SERVICE-SYS/192.168.4.64:service-sys:7077 with status UP (replication=false)
2018-05-17 13:58:25.709 [http-nio-7070-exec-3] INFO  c.n.e.r.AbstractInstanceRegistry
				-Registered instance SERVICE-SYS/192.168.4.64:service-sys:7077 with status UP (replication=true)
2018-05-17 13:58:36.966 [Eureka-EvictionTimer] INFO  c.n.e.r.AbstractInstanceRegistry
				-Running the evict task with compensationTime 0ms
2018-05-17 13:59:36.966 [Eureka-EvictionTimer] INFO  c.n.e.r.AbstractInstanceRegistry
				-Running the evict task with compensationTime 0ms
2018-05-17 14:00:02.178 [http-nio-7070-exec-6] WARN  c.n.e.r.AbstractInstanceRegistry
				-DS: Registry: cancel failed because Lease is not registered for: SERVICE-SYS/192.168.4.64:service-sys:-1
2018-05-17 14:00:02.184 [http-nio-7070-exec-6] INFO  c.n.e.resources.InstanceResource
				-Not Found (Cancel): SERVICE-SYS - 192.168.4.64:service-sys:-1
2018-05-17 14:00:36.970 [Eureka-EvictionTimer] INFO  c.n.e.r.AbstractInstanceRegistry
				-Running the evict task with compensationTime 3ms
2018-05-17 14:01:36.970 [Eureka-EvictionTimer] INFO  c.n.e.r.AbstractInstanceRegistry
				-Running the evict task with compensationTime 0ms
2018-05-17 14:02:36.971 [Eureka-EvictionTimer] INFO  c.n.e.r.AbstractInstanceRegistry
				-Running the evict task with compensationTime 0ms
2018-05-17 14:03:36.976 [Eureka-EvictionTimer] INFO  c.n.e.r.AbstractInstanceRegistry
				-Running the evict task with compensationTime 5ms
2018-05-17 14:04:36.977 [Eureka-EvictionTimer] INFO  c.n.e.r.AbstractInstanceRegistry
				-Running the evict task with compensationTime 0ms
2018-05-17 14:05:36.978 [Eureka-EvictionTimer] INFO  c.n.e.r.AbstractInstanceRegistry
				-Running the evict task with compensationTime 1ms
2018-05-17 14:06:36.982 [Eureka-EvictionTimer] INFO  c.n.e.r.AbstractInstanceRegistry
				-Running the evict task with compensationTime 3ms
2018-05-17 14:07:36.983 [Eureka-EvictionTimer] INFO  c.n.e.r.AbstractInstanceRegistry
				-Running the evict task with compensationTime 1ms
2018-05-17 14:08:36.984 [Eureka-EvictionTimer] INFO  c.n.e.r.AbstractInstanceRegistry
				-Running the evict task with compensationTime 0ms
2018-05-17 14:09:36.984 [Eureka-EvictionTimer] INFO  c.n.e.r.AbstractInstanceRegistry
				-Running the evict task with compensationTime 0ms
2018-05-17 14:10:36.989 [Eureka-EvictionTimer] INFO  c.n.e.r.AbstractInstanceRegistry
				-Running the evict task with compensationTime 4ms
2018-05-17 14:11:36.992 [Eureka-EvictionTimer] INFO  c.n.e.r.AbstractInstanceRegistry
				-Running the evict task with compensationTime 3ms
2018-05-17 14:12:35.415 [ReplicaAwareInstanceRegistry - RenewalThresholdUpdater] INFO  c.n.e.r.PeerAwareInstanceRegistryImpl
				-Current renewal threshold is : 3
2018-05-17 14:12:36.995 [Eureka-EvictionTimer] INFO  c.n.e.r.AbstractInstanceRegistry
				-Running the evict task with compensationTime 2ms
2018-05-17 14:13:36.995 [Eureka-EvictionTimer] INFO  c.n.e.r.AbstractInstanceRegistry
				-Running the evict task with compensationTime 0ms
2018-05-17 14:14:36.999 [Eureka-EvictionTimer] INFO  c.n.e.r.AbstractInstanceRegistry
				-Running the evict task with compensationTime 4ms
2018-05-17 14:15:37.006 [Eureka-EvictionTimer] INFO  c.n.e.r.AbstractInstanceRegistry
				-Running the evict task with compensationTime 4ms
2018-05-17 14:16:37.010 [Eureka-EvictionTimer] INFO  c.n.e.r.AbstractInstanceRegistry
				-Running the evict task with compensationTime 3ms
2018-05-17 14:17:37.013 [Eureka-EvictionTimer] INFO  c.n.e.r.AbstractInstanceRegistry
				-Running the evict task with compensationTime 2ms
2018-05-17 14:18:37.013 [Eureka-EvictionTimer] INFO  c.n.e.r.AbstractInstanceRegistry
				-Running the evict task with compensationTime 0ms
2018-05-17 14:19:37.014 [Eureka-EvictionTimer] INFO  c.n.e.r.AbstractInstanceRegistry
				-Running the evict task with compensationTime 0ms
2018-05-17 14:20:37.018 [Eureka-EvictionTimer] INFO  c.n.e.r.AbstractInstanceRegistry
				-Running the evict task with compensationTime 4ms
2018-05-17 14:21:37.022 [Eureka-EvictionTimer] INFO  c.n.e.r.AbstractInstanceRegistry
				-Running the evict task with compensationTime 3ms
2018-05-17 14:22:37.025 [Eureka-EvictionTimer] INFO  c.n.e.r.AbstractInstanceRegistry
				-Running the evict task with compensationTime 2ms
2018-05-17 14:22:47.363 [http-nio-7070-exec-1] WARN  c.n.e.r.AbstractInstanceRegistry
				-DS: Registry: cancel failed because Lease is not registered for: SERVICE-SYS/192.168.4.64:service-sys:-1
2018-05-17 14:22:47.368 [http-nio-7070-exec-1] INFO  c.n.e.resources.InstanceResource
				-Not Found (Cancel): SERVICE-SYS - 192.168.4.64:service-sys:-1
2018-05-17 14:23:37.025 [Eureka-EvictionTimer] INFO  c.n.e.r.AbstractInstanceRegistry
				-Running the evict task with compensationTime 0ms
2018-05-17 14:24:37.029 [Eureka-EvictionTimer] INFO  c.n.e.r.AbstractInstanceRegistry
				-Running the evict task with compensationTime 3ms
2018-05-17 14:25:31.321 [http-nio-7070-exec-3] WARN  c.n.e.r.AbstractInstanceRegistry
				-DS: Registry: cancel failed because Lease is not registered for: SERVICE-SYS/192.168.4.64:service-sys:-1
2018-05-17 14:25:31.327 [http-nio-7070-exec-3] INFO  c.n.e.resources.InstanceResource
				-Not Found (Cancel): SERVICE-SYS - 192.168.4.64:service-sys:-1
2018-05-17 14:25:37.034 [Eureka-EvictionTimer] INFO  c.n.e.r.AbstractInstanceRegistry
				-Running the evict task with compensationTime 4ms
2018-05-17 14:26:02.364 [http-nio-7070-exec-6] WARN  c.n.e.r.AbstractInstanceRegistry
				-DS: Registry: cancel failed because Lease is not registered for: SERVICE-SYS/192.168.4.64:service-sys:-1
2018-05-17 14:26:02.370 [http-nio-7070-exec-6] INFO  c.n.e.resources.InstanceResource
				-Not Found (Cancel): SERVICE-SYS - 192.168.4.64:service-sys:-1
2018-05-17 14:26:37.038 [Eureka-EvictionTimer] INFO  c.n.e.r.AbstractInstanceRegistry
				-Running the evict task with compensationTime 4ms
2018-05-17 14:27:32.431 [http-nio-7070-exec-9] WARN  c.n.e.r.AbstractInstanceRegistry
				-DS: Registry: cancel failed because Lease is not registered for: SERVICE-SYS/192.168.4.64:service-sys:-1
2018-05-17 14:27:32.437 [http-nio-7070-exec-9] INFO  c.n.e.resources.InstanceResource
				-Not Found (Cancel): SERVICE-SYS - 192.168.4.64:service-sys:-1
2018-05-17 14:27:35.419 [ReplicaAwareInstanceRegistry - RenewalThresholdUpdater] INFO  c.n.e.r.PeerAwareInstanceRegistryImpl
				-Current renewal threshold is : 3
2018-05-17 14:27:37.042 [Eureka-EvictionTimer] INFO  c.n.e.r.AbstractInstanceRegistry
				-Running the evict task with compensationTime 3ms
2018-05-17 14:28:37.046 [Eureka-EvictionTimer] INFO  c.n.e.r.AbstractInstanceRegistry
				-Running the evict task with compensationTime 4ms
2018-05-17 14:29:37.047 [Eureka-EvictionTimer] INFO  c.n.e.r.AbstractInstanceRegistry
				-Running the evict task with compensationTime 0ms
2018-05-17 14:30:37.046 [Eureka-EvictionTimer] INFO  c.n.e.r.AbstractInstanceRegistry
				-Running the evict task with compensationTime 0ms
2018-05-17 14:31:37.051 [Eureka-EvictionTimer] INFO  c.n.e.r.AbstractInstanceRegistry
				-Running the evict task with compensationTime 4ms
2018-05-17 14:32:37.056 [Eureka-EvictionTimer] INFO  c.n.e.r.AbstractInstanceRegistry
				-Running the evict task with compensationTime 5ms
2018-05-17 14:33:37.061 [Eureka-EvictionTimer] INFO  c.n.e.r.AbstractInstanceRegistry
				-Running the evict task with compensationTime 4ms
2018-05-17 14:34:37.065 [Eureka-EvictionTimer] INFO  c.n.e.r.AbstractInstanceRegistry
				-Running the evict task with compensationTime 3ms
2018-05-17 14:35:37.068 [Eureka-EvictionTimer] INFO  c.n.e.r.AbstractInstanceRegistry
				-Running the evict task with compensationTime 0ms
2018-05-17 14:36:37.075 [Eureka-EvictionTimer] INFO  c.n.e.r.AbstractInstanceRegistry
				-Running the evict task with compensationTime 3ms
2018-05-17 14:37:37.080 [Eureka-EvictionTimer] INFO  c.n.e.r.AbstractInstanceRegistry
				-Running the evict task with compensationTime 3ms
2018-05-17 14:38:37.082 [Eureka-EvictionTimer] INFO  c.n.e.r.AbstractInstanceRegistry
				-Running the evict task with compensationTime 2ms
2018-05-17 14:39:37.084 [Eureka-EvictionTimer] INFO  c.n.e.r.AbstractInstanceRegistry
				-Running the evict task with compensationTime 1ms
2018-05-17 14:40:37.088 [Eureka-EvictionTimer] INFO  c.n.e.r.AbstractInstanceRegistry
				-Running the evict task with compensationTime 3ms
2018-05-17 14:41:37.089 [Eureka-EvictionTimer] INFO  c.n.e.r.AbstractInstanceRegistry
				-Running the evict task with compensationTime 0ms
2018-05-17 14:42:35.432 [ReplicaAwareInstanceRegistry - RenewalThresholdUpdater] INFO  c.n.e.r.PeerAwareInstanceRegistryImpl
				-Current renewal threshold is : 3
2018-05-17 14:42:37.093 [Eureka-EvictionTimer] INFO  c.n.e.r.AbstractInstanceRegistry
				-Running the evict task with compensationTime 4ms
2018-05-17 14:43:37.096 [Eureka-EvictionTimer] INFO  c.n.e.r.AbstractInstanceRegistry
				-Running the evict task with compensationTime 2ms
2018-05-17 14:44:37.101 [Eureka-EvictionTimer] INFO  c.n.e.r.AbstractInstanceRegistry
				-Running the evict task with compensationTime 4ms
2018-05-17 14:45:37.103 [Eureka-EvictionTimer] INFO  c.n.e.r.AbstractInstanceRegistry
				-Running the evict task with compensationTime 1ms
2018-05-17 14:46:37.104 [Eureka-EvictionTimer] INFO  c.n.e.r.AbstractInstanceRegistry
				-Running the evict task with compensationTime 0ms
2018-05-17 14:47:37.106 [Eureka-EvictionTimer] INFO  c.n.e.r.AbstractInstanceRegistry
				-Running the evict task with compensationTime 1ms
2018-05-17 14:48:37.107 [Eureka-EvictionTimer] INFO  c.n.e.r.AbstractInstanceRegistry
				-Running the evict task with compensationTime 0ms
2018-05-17 14:49:37.109 [Eureka-EvictionTimer] INFO  c.n.e.r.AbstractInstanceRegistry
				-Running the evict task with compensationTime 1ms
2018-05-17 14:50:37.112 [Eureka-EvictionTimer] INFO  c.n.e.r.AbstractInstanceRegistry
				-Running the evict task with compensationTime 3ms
2018-05-17 14:51:37.116 [Eureka-EvictionTimer] INFO  c.n.e.r.AbstractInstanceRegistry
				-Running the evict task with compensationTime 3ms
2018-05-17 14:52:37.124 [Eureka-EvictionTimer] INFO  c.n.e.r.AbstractInstanceRegistry
				-Running the evict task with compensationTime 4ms
2018-05-17 14:53:37.130 [Eureka-EvictionTimer] INFO  c.n.e.r.AbstractInstanceRegistry
				-Running the evict task with compensationTime 4ms
2018-05-17 14:54:23.044 [http-nio-7070-exec-2] WARN  c.n.e.r.AbstractInstanceRegistry
				-DS: Registry: cancel failed because Lease is not registered for: SERVICE-SYS/192.168.4.64:service-sys:-1
2018-05-17 14:54:23.050 [http-nio-7070-exec-2] INFO  c.n.e.resources.InstanceResource
				-Not Found (Cancel): SERVICE-SYS - 192.168.4.64:service-sys:-1
2018-05-17 14:54:37.131 [Eureka-EvictionTimer] INFO  c.n.e.r.AbstractInstanceRegistry
				-Running the evict task with compensationTime 1ms
2018-05-17 14:55:12.606 [http-nio-7070-exec-5] WARN  c.n.e.r.AbstractInstanceRegistry
				-DS: Registry: cancel failed because Lease is not registered for: SERVICE-SYS/192.168.4.64:service-sys:-1
2018-05-17 14:55:12.611 [http-nio-7070-exec-5] INFO  c.n.e.resources.InstanceResource
				-Not Found (Cancel): SERVICE-SYS - 192.168.4.64:service-sys:-1
2018-05-17 14:55:37.133 [Eureka-EvictionTimer] INFO  c.n.e.r.AbstractInstanceRegistry
				-Running the evict task with compensationTime 1ms
2018-05-17 14:56:37.133 [Eureka-EvictionTimer] INFO  c.n.e.r.AbstractInstanceRegistry
				-Running the evict task with compensationTime 0ms
2018-05-17 14:57:35.444 [ReplicaAwareInstanceRegistry - RenewalThresholdUpdater] INFO  c.n.e.r.PeerAwareInstanceRegistryImpl
				-Current renewal threshold is : 3
2018-05-17 14:57:37.136 [Eureka-EvictionTimer] INFO  c.n.e.r.AbstractInstanceRegistry
				-Running the evict task with compensationTime 2ms
2018-05-17 14:58:37.141 [Eureka-EvictionTimer] INFO  c.n.e.r.AbstractInstanceRegistry
				-Running the evict task with compensationTime 4ms
2018-05-17 14:59:37.142 [Eureka-EvictionTimer] INFO  c.n.e.r.AbstractInstanceRegistry
				-Running the evict task with compensationTime 0ms
2018-05-17 14:59:58.956 [http-nio-7070-exec-8] WARN  c.n.e.r.AbstractInstanceRegistry
				-DS: Registry: cancel failed because Lease is not registered for: SERVICE-SYS/192.168.4.64:service-sys:-1
2018-05-17 14:59:58.988 [http-nio-7070-exec-8] INFO  c.n.e.resources.InstanceResource
				-Not Found (Cancel): SERVICE-SYS - 192.168.4.64:service-sys:-1
2018-05-17 15:00:37.147 [Eureka-EvictionTimer] INFO  c.n.e.r.AbstractInstanceRegistry
				-Running the evict task with compensationTime 4ms
2018-05-17 15:01:37.149 [Eureka-EvictionTimer] INFO  c.n.e.r.AbstractInstanceRegistry
				-Running the evict task with compensationTime 2ms
2018-05-17 15:02:37.154 [Eureka-EvictionTimer] INFO  c.n.e.r.AbstractInstanceRegistry
				-Running the evict task with compensationTime 4ms
2018-05-17 15:03:37.154 [Eureka-EvictionTimer] INFO  c.n.e.r.AbstractInstanceRegistry
				-Running the evict task with compensationTime 0ms
2018-05-17 15:04:37.156 [Eureka-EvictionTimer] INFO  c.n.e.r.AbstractInstanceRegistry
				-Running the evict task with compensationTime 1ms
2018-05-17 15:05:37.158 [Eureka-EvictionTimer] INFO  c.n.e.r.AbstractInstanceRegistry
				-Running the evict task with compensationTime 1ms
2018-05-17 15:06:37.163 [Eureka-EvictionTimer] INFO  c.n.e.r.AbstractInstanceRegistry
				-Running the evict task with compensationTime 4ms
2018-05-17 15:09:24.271 [Eureka-EvictionTimer] INFO  c.n.e.r.AbstractInstanceRegistry
				-Running the evict task with compensationTime 3ms
2018-05-17 15:10:24.273 [Eureka-EvictionTimer] INFO  c.n.e.r.AbstractInstanceRegistry
				-Running the evict task with compensationTime 6ms
2018-05-17 15:10:31.125 [http-nio-7070-exec-10] WARN  c.n.e.r.AbstractInstanceRegistry
				-DS: Registry: cancel failed because Lease is not registered for: SERVICE-SYS/192.168.4.64:service-sys:-1
2018-05-17 15:10:31.131 [http-nio-7070-exec-10] INFO  c.n.e.resources.InstanceResource
				-Not Found (Cancel): SERVICE-SYS - 192.168.4.64:service-sys:-1
2018-05-17 15:11:24.275 [Eureka-EvictionTimer] INFO  c.n.e.r.AbstractInstanceRegistry
				-Running the evict task with compensationTime 2ms
2018-05-17 15:11:45.061 [http-nio-7070-exec-4] WARN  c.n.e.r.AbstractInstanceRegistry
				-DS: Registry: cancel failed because Lease is not registered for: SERVICE-SYS/192.168.4.64:service-sys:-1
2018-05-17 15:11:45.067 [http-nio-7070-exec-4] INFO  c.n.e.resources.InstanceResource
				-Not Found (Cancel): SERVICE-SYS - 192.168.4.64:service-sys:-1
2018-05-17 15:12:14.568 [http-nio-7070-exec-7] WARN  c.n.e.r.AbstractInstanceRegistry
				-DS: Registry: cancel failed because Lease is not registered for: SERVICE-SYS/192.168.4.64:service-sys:-1
2018-05-17 15:12:14.568 [http-nio-7070-exec-7] INFO  c.n.e.resources.InstanceResource
				-Not Found (Cancel): SERVICE-SYS - 192.168.4.64:service-sys:-1
2018-05-17 15:12:24.278 [Eureka-EvictionTimer] INFO  c.n.e.r.AbstractInstanceRegistry
				-Running the evict task with compensationTime 2ms
2018-05-17 15:13:24.281 [Eureka-EvictionTimer] INFO  c.n.e.r.AbstractInstanceRegistry
				-Running the evict task with compensationTime 2ms
2018-05-17 15:14:22.547 [ReplicaAwareInstanceRegistry - RenewalThresholdUpdater] INFO  c.n.e.r.PeerAwareInstanceRegistryImpl
				-Current renewal threshold is : 3
2018-05-17 15:14:24.281 [Eureka-EvictionTimer] INFO  c.n.e.r.AbstractInstanceRegistry
				-Running the evict task with compensationTime 0ms
2018-05-17 15:14:30.626 [http-nio-7070-exec-1] WARN  c.n.e.r.AbstractInstanceRegistry
				-DS: Registry: cancel failed because Lease is not registered for: SERVICE-SYS/192.168.4.64:service-sys:-1
2018-05-17 15:14:30.632 [http-nio-7070-exec-1] INFO  c.n.e.resources.InstanceResource
				-Not Found (Cancel): SERVICE-SYS - 192.168.4.64:service-sys:-1
2018-05-17 15:15:24.282 [Eureka-EvictionTimer] INFO  c.n.e.r.AbstractInstanceRegistry
				-Running the evict task with compensationTime 0ms
2018-05-17 15:15:38.374 [http-nio-7070-exec-3] WARN  c.n.e.r.AbstractInstanceRegistry
				-DS: Registry: cancel failed because Lease is not registered for: SERVICE-SYS/192.168.4.64:service-sys:-1
2018-05-17 15:15:38.380 [http-nio-7070-exec-3] INFO  c.n.e.resources.InstanceResource
				-Not Found (Cancel): SERVICE-SYS - 192.168.4.64:service-sys:-1
2018-05-17 15:16:24.284 [Eureka-EvictionTimer] INFO  c.n.e.r.AbstractInstanceRegistry
				-Running the evict task with compensationTime 1ms
2018-05-17 15:17:24.286 [Eureka-EvictionTimer] INFO  c.n.e.r.AbstractInstanceRegistry
				-Running the evict task with compensationTime 1ms
2018-05-17 15:18:24.290 [Eureka-EvictionTimer] INFO  c.n.e.r.AbstractInstanceRegistry
				-Running the evict task with compensationTime 3ms
2018-05-17 15:19:24.293 [Eureka-EvictionTimer] INFO  c.n.e.r.AbstractInstanceRegistry
				-Running the evict task with compensationTime 2ms
2018-05-17 15:20:24.296 [Eureka-EvictionTimer] INFO  c.n.e.r.AbstractInstanceRegistry
				-Running the evict task with compensationTime 3ms
