2018-05-16 10:14:05.145 [main] INFO  o.s.c.a.AnnotationConfigApplicationContext
				-Refreshing org.springframework.context.annotation.AnnotationConfigApplicationContext@2d96543c: startup date [Wed May 16 10:14:05 CST 2018]; root of context hierarchy
2018-05-16 10:14:05.328 [background-preinit] INFO  o.h.validator.internal.util.Version
				-HV000001: Hibernate Validator 5.3.6.Final
2018-05-16 10:14:05.436 [main] INFO  o.s.b.f.a.AutowiredAnnotationBeanPostProcessor
				-JSR-330 'javax.inject.Inject' annotation found and supported for autowiring
2018-05-16 10:14:05.474 [main] INFO  o.s.c.s.PostProcessorRegistrationDelegate$BeanPostProcessorChecker
				-Bean 'configurationPropertiesRebinderAutoConfiguration' of type [org.springframework.cloud.autoconfigure.ConfigurationPropertiesRebinderAutoConfiguration$$EnhancerBySpringCGLIB$$7a117aa4] is not eligible for getting processed by all BeanPostProcessors (for example: not eligible for auto-proxying)
2018-05-16 10:14:05.814 [main] INFO  com.arthur.EurekaServer
				-No active profile set, falling back to default profiles: default
2018-05-16 10:14:05.835 [main] INFO  o.s.b.c.e.AnnotationConfigEmbeddedWebApplicationContext
				-Refreshing org.springframework.boot.context.embedded.AnnotationConfigEmbeddedWebApplicationContext@7b44b63d: startup date [Wed May 16 10:14:05 CST 2018]; parent: org.springframework.context.annotation.AnnotationConfigApplicationContext@2d96543c
2018-05-16 10:14:06.734 [main] INFO  o.s.cloud.context.scope.GenericScope
				-BeanFactory id=e82e0ba2-b8e7-377d-ba8e-e1327b26f782
2018-05-16 10:14:06.753 [main] INFO  o.s.b.f.a.AutowiredAnnotationBeanPostProcessor
				-JSR-330 'javax.inject.Inject' annotation found and supported for autowiring
2018-05-16 10:14:06.880 [main] INFO  o.s.c.s.PostProcessorRegistrationDelegate$BeanPostProcessorChecker
				-Bean 'org.springframework.cloud.autoconfigure.ConfigurationPropertiesRebinderAutoConfiguration' of type [org.springframework.cloud.autoconfigure.ConfigurationPropertiesRebinderAutoConfiguration$$EnhancerBySpringCGLIB$$7a117aa4] is not eligible for getting processed by all BeanPostProcessors (for example: not eligible for auto-proxying)
2018-05-16 10:14:07.260 [main] INFO  o.s.b.c.e.t.TomcatEmbeddedServletContainer
				-Tomcat initialized with port(s): 7070 (http)
2018-05-16 10:14:07.276 [main] INFO  o.a.coyote.http11.Http11NioProtocol
				-Initializing ProtocolHandler ["http-nio-7070"]
2018-05-16 10:14:07.286 [main] INFO  o.a.catalina.core.StandardService
				-Starting service [Tomcat]
2018-05-16 10:14:07.286 [main] INFO  o.a.catalina.core.StandardEngine
				-Starting Servlet Engine: Apache Tomcat/8.5.29
2018-05-16 10:14:07.409 [localhost-startStop-1] INFO  o.a.c.c.C.[Tomcat].[localhost].[/]
				-Initializing Spring embedded WebApplicationContext
2018-05-16 10:14:07.409 [localhost-startStop-1] INFO  o.s.web.context.ContextLoader
				-Root WebApplicationContext: initialization completed in 1574 ms
2018-05-16 10:14:07.963 [localhost-startStop-1] INFO  o.s.b.w.s.FilterRegistrationBean
				-Mapping filter: 'metricsFilter' to: [/*]
2018-05-16 10:14:07.964 [localhost-startStop-1] INFO  o.s.b.w.s.FilterRegistrationBean
				-Mapping filter: 'characterEncodingFilter' to: [/*]
2018-05-16 10:14:07.964 [localhost-startStop-1] INFO  o.s.b.w.s.FilterRegistrationBean
				-Mapping filter: 'hiddenHttpMethodFilter' to: [/*]
2018-05-16 10:14:07.964 [localhost-startStop-1] INFO  o.s.b.w.s.FilterRegistrationBean
				-Mapping filter: 'httpPutFormContentFilter' to: [/*]
2018-05-16 10:14:07.964 [localhost-startStop-1] INFO  o.s.b.w.s.FilterRegistrationBean
				-Mapping filter: 'requestContextFilter' to: [/*]
2018-05-16 10:14:07.964 [localhost-startStop-1] INFO  o.s.b.w.s.FilterRegistrationBean
				-Mapping filter: 'webRequestTraceFilter' to: [/*]
2018-05-16 10:14:07.964 [localhost-startStop-1] INFO  o.s.b.w.s.FilterRegistrationBean
				-Mapping filter: 'servletContainer' to urls: [/eureka/*]
2018-05-16 10:14:07.964 [localhost-startStop-1] INFO  o.s.b.w.s.FilterRegistrationBean
				-Mapping filter: 'applicationContextIdFilter' to: [/*]
2018-05-16 10:14:07.965 [localhost-startStop-1] INFO  o.s.b.w.s.ServletRegistrationBean
				-Mapping servlet: 'dispatcherServlet' to [/]
2018-05-16 10:14:08.057 [localhost-startStop-1] INFO  c.s.j.s.i.a.WebApplicationImpl
				-Initiating Jersey application, version 'Jersey: 1.19.1 03/11/2016 02:08 PM'
2018-05-16 10:14:08.142 [localhost-startStop-1] INFO  c.n.d.p.DiscoveryJerseyProvider
				-Using JSON encoding codec LegacyJacksonJson
2018-05-16 10:14:08.143 [localhost-startStop-1] INFO  c.n.d.p.DiscoveryJerseyProvider
				-Using JSON decoding codec LegacyJacksonJson
2018-05-16 10:14:08.245 [localhost-startStop-1] INFO  c.n.d.p.DiscoveryJerseyProvider
				-Using XML encoding codec XStreamXml
2018-05-16 10:14:08.246 [localhost-startStop-1] INFO  c.n.d.p.DiscoveryJerseyProvider
				-Using XML decoding codec XStreamXml
2018-05-16 10:14:08.935 [main] INFO  o.s.c.n.eureka.InstanceInfoFactory
				-Setting initial instance status as: STARTING
2018-05-16 10:14:08.970 [main] INFO  c.netflix.discovery.DiscoveryClient
				-Client configured to neither register nor query for data.
2018-05-16 10:14:08.974 [main] INFO  c.netflix.discovery.DiscoveryClient
				-Discovery Client initialized at timestamp 1526436848974 with initial instances count: 0
2018-05-16 10:14:09.034 [main] INFO  c.n.e.DefaultEurekaServerContext
				-Initializing ...
2018-05-16 10:14:09.036 [main] INFO  c.n.eureka.cluster.PeerEurekaNodes
				-Adding new peer nodes [http://localhost:7070/eureka/]
2018-05-16 10:14:09.208 [main] INFO  c.n.d.p.DiscoveryJerseyProvider
				-Using JSON encoding codec LegacyJacksonJson
2018-05-16 10:14:09.208 [main] INFO  c.n.d.p.DiscoveryJerseyProvider
				-Using JSON decoding codec LegacyJacksonJson
2018-05-16 10:14:09.209 [main] INFO  c.n.d.p.DiscoveryJerseyProvider
				-Using XML encoding codec XStreamXml
2018-05-16 10:14:09.209 [main] INFO  c.n.d.p.DiscoveryJerseyProvider
				-Using XML decoding codec XStreamXml
2018-05-16 10:14:09.353 [main] INFO  c.n.eureka.cluster.PeerEurekaNodes
				-Replica node URL:  http://localhost:7070/eureka/
2018-05-16 10:14:09.362 [main] INFO  c.n.e.r.AbstractInstanceRegistry
				-Finished initializing remote region registries. All known remote regions: []
2018-05-16 10:14:09.363 [main] INFO  c.n.e.DefaultEurekaServerContext
				-Initialized
2018-05-16 10:14:09.730 [main] INFO  o.s.w.s.m.m.a.RequestMappingHandlerAdapter
				-Looking for @ControllerAdvice: org.springframework.boot.context.embedded.AnnotationConfigEmbeddedWebApplicationContext@7b44b63d: startup date [Wed May 16 10:14:05 CST 2018]; parent: org.springframework.context.annotation.AnnotationConfigApplicationContext@2d96543c
2018-05-16 10:14:09.831 [main] INFO  o.s.w.s.m.m.a.RequestMappingHandlerMapping
				-Mapped "{[/],methods=[GET]}" onto public java.lang.String org.springframework.cloud.netflix.eureka.server.EurekaController.status(javax.servlet.http.HttpServletRequest,java.util.Map<java.lang.String, java.lang.Object>)
2018-05-16 10:14:09.832 [main] INFO  o.s.w.s.m.m.a.RequestMappingHandlerMapping
				-Mapped "{[/lastn],methods=[GET]}" onto public java.lang.String org.springframework.cloud.netflix.eureka.server.EurekaController.lastn(javax.servlet.http.HttpServletRequest,java.util.Map<java.lang.String, java.lang.Object>)
2018-05-16 10:14:09.834 [main] INFO  o.s.w.s.m.m.a.RequestMappingHandlerMapping
				-Mapped "{[/error]}" onto public org.springframework.http.ResponseEntity<java.util.Map<java.lang.String, java.lang.Object>> org.springframework.boot.autoconfigure.web.BasicErrorController.error(javax.servlet.http.HttpServletRequest)
2018-05-16 10:14:09.834 [main] INFO  o.s.w.s.m.m.a.RequestMappingHandlerMapping
				-Mapped "{[/error],produces=[text/html]}" onto public org.springframework.web.servlet.ModelAndView org.springframework.boot.autoconfigure.web.BasicErrorController.errorHtml(javax.servlet.http.HttpServletRequest,javax.servlet.http.HttpServletResponse)
2018-05-16 10:14:09.875 [main] INFO  o.s.w.s.h.SimpleUrlHandlerMapping
				-Mapped URL path [/webjars/**] onto handler of type [class org.springframework.web.servlet.resource.ResourceHttpRequestHandler]
2018-05-16 10:14:09.875 [main] INFO  o.s.w.s.h.SimpleUrlHandlerMapping
				-Mapped URL path [/**] onto handler of type [class org.springframework.web.servlet.resource.ResourceHttpRequestHandler]
2018-05-16 10:14:09.922 [main] INFO  o.s.w.s.h.SimpleUrlHandlerMapping
				-Mapped URL path [/**/favicon.ico] onto handler of type [class org.springframework.web.servlet.resource.ResourceHttpRequestHandler]
2018-05-16 10:14:10.551 [main] INFO  o.s.b.a.e.mvc.EndpointHandlerMapping
				-Mapped "{[/env/{name:.*}],methods=[GET],produces=[application/vnd.spring-boot.actuator.v1+json || application/json]}" onto public java.lang.Object org.springframework.boot.actuate.endpoint.mvc.EnvironmentMvcEndpoint.value(java.lang.String)
2018-05-16 10:14:10.551 [main] INFO  o.s.b.a.e.mvc.EndpointHandlerMapping
				-Mapped "{[/env || /env.json],methods=[GET],produces=[application/vnd.spring-boot.actuator.v1+json || application/json]}" onto public java.lang.Object org.springframework.boot.actuate.endpoint.mvc.EndpointMvcAdapter.invoke()
2018-05-16 10:14:10.552 [main] INFO  o.s.b.a.e.mvc.EndpointHandlerMapping
				-Mapped "{[/restart || /restart.json],methods=[POST]}" onto public java.lang.Object org.springframework.cloud.context.restart.RestartMvcEndpoint.invoke()
2018-05-16 10:14:10.553 [main] INFO  o.s.b.a.e.mvc.EndpointHandlerMapping
				-Mapped "{[/metrics/{name:.*}],methods=[GET],produces=[application/vnd.spring-boot.actuator.v1+json || application/json]}" onto public java.lang.Object org.springframework.boot.actuate.endpoint.mvc.MetricsMvcEndpoint.value(java.lang.String)
2018-05-16 10:14:10.553 [main] INFO  o.s.b.a.e.mvc.EndpointHandlerMapping
				-Mapped "{[/metrics || /metrics.json],methods=[GET],produces=[application/vnd.spring-boot.actuator.v1+json || application/json]}" onto public java.lang.Object org.springframework.boot.actuate.endpoint.mvc.EndpointMvcAdapter.invoke()
2018-05-16 10:14:10.554 [main] INFO  o.s.b.a.e.mvc.EndpointHandlerMapping
				-Mapped "{[/resume || /resume.json],methods=[POST]}" onto public java.lang.Object org.springframework.cloud.endpoint.GenericPostableMvcEndpoint.invoke()
2018-05-16 10:14:10.554 [main] INFO  o.s.b.a.e.mvc.EndpointHandlerMapping
				-Mapped "{[/trace || /trace.json],methods=[GET],produces=[application/vnd.spring-boot.actuator.v1+json || application/json]}" onto public java.lang.Object org.springframework.boot.actuate.endpoint.mvc.EndpointMvcAdapter.invoke()
2018-05-16 10:14:10.558 [main] INFO  o.s.b.a.e.mvc.EndpointHandlerMapping
				-Mapped "{[/loggers/{name:.*}],methods=[GET],produces=[application/vnd.spring-boot.actuator.v1+json || application/json]}" onto public java.lang.Object org.springframework.boot.actuate.endpoint.mvc.LoggersMvcEndpoint.get(java.lang.String)
2018-05-16 10:14:10.558 [main] INFO  o.s.b.a.e.mvc.EndpointHandlerMapping
				-Mapped "{[/loggers/{name:.*}],methods=[POST],consumes=[application/vnd.spring-boot.actuator.v1+json || application/json],produces=[application/vnd.spring-boot.actuator.v1+json || application/json]}" onto public java.lang.Object org.springframework.boot.actuate.endpoint.mvc.LoggersMvcEndpoint.set(java.lang.String,java.util.Map<java.lang.String, java.lang.String>)
2018-05-16 10:14:10.558 [main] INFO  o.s.b.a.e.mvc.EndpointHandlerMapping
				-Mapped "{[/loggers || /loggers.json],methods=[GET],produces=[application/vnd.spring-boot.actuator.v1+json || application/json]}" onto public java.lang.Object org.springframework.boot.actuate.endpoint.mvc.EndpointMvcAdapter.invoke()
2018-05-16 10:14:10.559 [main] INFO  o.s.b.a.e.mvc.EndpointHandlerMapping
				-Mapped "{[/refresh || /refresh.json],methods=[POST]}" onto public java.lang.Object org.springframework.cloud.endpoint.GenericPostableMvcEndpoint.invoke()
2018-05-16 10:14:10.560 [main] INFO  o.s.b.a.e.mvc.EndpointHandlerMapping
				-Mapped "{[/health || /health.json],methods=[GET],produces=[application/vnd.spring-boot.actuator.v1+json || application/json]}" onto public java.lang.Object org.springframework.boot.actuate.endpoint.mvc.HealthMvcEndpoint.invoke(javax.servlet.http.HttpServletRequest,java.security.Principal)
2018-05-16 10:14:10.560 [main] INFO  o.s.b.a.e.mvc.EndpointHandlerMapping
				-Mapped "{[/info || /info.json],methods=[GET],produces=[application/vnd.spring-boot.actuator.v1+json || application/json]}" onto public java.lang.Object org.springframework.boot.actuate.endpoint.mvc.EndpointMvcAdapter.invoke()
2018-05-16 10:14:10.561 [main] INFO  o.s.b.a.e.mvc.EndpointHandlerMapping
				-Mapped "{[/heapdump || /heapdump.json],methods=[GET],produces=[application/octet-stream]}" onto public void org.springframework.boot.actuate.endpoint.mvc.HeapdumpMvcEndpoint.invoke(boolean,javax.servlet.http.HttpServletRequest,javax.servlet.http.HttpServletResponse) throws java.io.IOException,javax.servlet.ServletException
2018-05-16 10:14:10.562 [main] INFO  o.s.b.a.e.mvc.EndpointHandlerMapping
				-Mapped "{[/auditevents || /auditevents.json],methods=[GET],produces=[application/vnd.spring-boot.actuator.v1+json || application/json]}" onto public org.springframework.http.ResponseEntity<?> org.springframework.boot.actuate.endpoint.mvc.AuditEventsMvcEndpoint.findByPrincipalAndAfterAndType(java.lang.String,java.util.Date,java.lang.String)
2018-05-16 10:14:10.564 [main] INFO  o.s.b.a.e.mvc.EndpointHandlerMapping
				-Mapped "{[/pause || /pause.json],methods=[POST]}" onto public java.lang.Object org.springframework.cloud.endpoint.GenericPostableMvcEndpoint.invoke()
2018-05-16 10:14:10.565 [main] INFO  o.s.b.a.e.mvc.EndpointHandlerMapping
				-Mapped "{[/autoconfig || /autoconfig.json],methods=[GET],produces=[application/vnd.spring-boot.actuator.v1+json || application/json]}" onto public java.lang.Object org.springframework.boot.actuate.endpoint.mvc.EndpointMvcAdapter.invoke()
2018-05-16 10:14:10.566 [main] INFO  o.s.b.a.e.mvc.EndpointHandlerMapping
				-Mapped "{[/configprops || /configprops.json],methods=[GET],produces=[application/vnd.spring-boot.actuator.v1+json || application/json]}" onto public java.lang.Object org.springframework.boot.actuate.endpoint.mvc.EndpointMvcAdapter.invoke()
2018-05-16 10:14:10.566 [main] INFO  o.s.b.a.e.mvc.EndpointHandlerMapping
				-Mapped "{[/env],methods=[POST]}" onto public java.lang.Object org.springframework.cloud.context.environment.EnvironmentManagerMvcEndpoint.value(java.util.Map<java.lang.String, java.lang.String>)
2018-05-16 10:14:10.566 [main] INFO  o.s.b.a.e.mvc.EndpointHandlerMapping
				-Mapped "{[/env/reset],methods=[POST]}" onto public java.util.Map<java.lang.String, java.lang.Object> org.springframework.cloud.context.environment.EnvironmentManagerMvcEndpoint.reset()
2018-05-16 10:14:10.567 [main] INFO  o.s.b.a.e.mvc.EndpointHandlerMapping
				-Mapped "{[/dump || /dump.json],methods=[GET],produces=[application/vnd.spring-boot.actuator.v1+json || application/json]}" onto public java.lang.Object org.springframework.boot.actuate.endpoint.mvc.EndpointMvcAdapter.invoke()
2018-05-16 10:14:10.567 [main] INFO  o.s.b.a.e.mvc.EndpointHandlerMapping
				-Mapped "{[/archaius || /archaius.json],methods=[GET],produces=[application/vnd.spring-boot.actuator.v1+json || application/json]}" onto public java.lang.Object org.springframework.boot.actuate.endpoint.mvc.EndpointMvcAdapter.invoke()
2018-05-16 10:14:10.568 [main] INFO  o.s.b.a.e.mvc.EndpointHandlerMapping
				-Mapped "{[/mappings || /mappings.json],methods=[GET],produces=[application/vnd.spring-boot.actuator.v1+json || application/json]}" onto public java.lang.Object org.springframework.boot.actuate.endpoint.mvc.EndpointMvcAdapter.invoke()
2018-05-16 10:14:10.568 [main] INFO  o.s.b.a.e.mvc.EndpointHandlerMapping
				-Mapped "{[/beans || /beans.json],methods=[GET],produces=[application/vnd.spring-boot.actuator.v1+json || application/json]}" onto public java.lang.Object org.springframework.boot.actuate.endpoint.mvc.EndpointMvcAdapter.invoke()
2018-05-16 10:14:10.568 [main] INFO  o.s.b.a.e.mvc.EndpointHandlerMapping
				-Mapped "{[/features || /features.json],methods=[GET],produces=[application/vnd.spring-boot.actuator.v1+json || application/json]}" onto public java.lang.Object org.springframework.boot.actuate.endpoint.mvc.EndpointMvcAdapter.invoke()
2018-05-16 10:14:10.751 [main] INFO  o.s.u.f.SpringTemplateLoader
				-SpringTemplateLoader for FreeMarker: using resource loader [org.springframework.boot.context.embedded.AnnotationConfigEmbeddedWebApplicationContext@7b44b63d: startup date [Wed May 16 10:14:05 CST 2018]; parent: org.springframework.context.annotation.AnnotationConfigApplicationContext@2d96543c] and template loader path [classpath:/templates/]
2018-05-16 10:14:10.752 [main] INFO  o.s.w.s.v.f.FreeMarkerConfigurer
				-ClassTemplateLoader for Spring macros added to FreeMarker configuration
2018-05-16 10:14:10.912 [main] WARN  c.n.c.sources.URLConfigurationSource
				-No URLs will be polled as dynamic configuration sources.
2018-05-16 10:14:10.912 [main] INFO  c.n.c.sources.URLConfigurationSource
				-To enable URLs as dynamic configuration sources, define System property archaius.configurationSource.additionalUrls or make config.properties available on classpath.
2018-05-16 10:14:10.916 [main] WARN  c.n.c.sources.URLConfigurationSource
				-No URLs will be polled as dynamic configuration sources.
2018-05-16 10:14:10.916 [main] INFO  c.n.c.sources.URLConfigurationSource
				-To enable URLs as dynamic configuration sources, define System property archaius.configurationSource.additionalUrls or make config.properties available on classpath.
2018-05-16 10:14:11.086 [main] INFO  o.s.j.e.a.AnnotationMBeanExporter
				-Registering beans for JMX exposure on startup
2018-05-16 10:14:11.100 [main] INFO  o.s.j.e.a.AnnotationMBeanExporter
				-Bean with name 'refreshScope' has been autodetected for JMX exposure
2018-05-16 10:14:11.101 [main] INFO  o.s.j.e.a.AnnotationMBeanExporter
				-Bean with name 'environmentManager' has been autodetected for JMX exposure
2018-05-16 10:14:11.103 [main] INFO  o.s.j.e.a.AnnotationMBeanExporter
				-Bean with name 'configurationPropertiesRebinder' has been autodetected for JMX exposure
2018-05-16 10:14:11.103 [main] INFO  o.s.j.e.a.AnnotationMBeanExporter
				-Bean with name 'refreshEndpoint' has been autodetected for JMX exposure
2018-05-16 10:14:11.104 [main] INFO  o.s.j.e.a.AnnotationMBeanExporter
				-Bean with name 'restartEndpoint' has been autodetected for JMX exposure
2018-05-16 10:14:11.106 [main] INFO  o.s.j.e.a.AnnotationMBeanExporter
				-Located managed bean 'environmentManager': registering with JMX server as MBean [org.springframework.cloud.context.environment:name=environmentManager,type=EnvironmentManager]
2018-05-16 10:14:11.128 [main] INFO  o.s.j.e.a.AnnotationMBeanExporter
				-Located managed bean 'restartEndpoint': registering with JMX server as MBean [org.springframework.cloud.context.restart:name=restartEndpoint,type=RestartEndpoint]
2018-05-16 10:14:11.144 [main] INFO  o.s.j.e.a.AnnotationMBeanExporter
				-Located managed bean 'refreshScope': registering with JMX server as MBean [org.springframework.cloud.context.scope.refresh:name=refreshScope,type=RefreshScope]
2018-05-16 10:14:11.153 [main] INFO  o.s.j.e.a.AnnotationMBeanExporter
				-Located managed bean 'configurationPropertiesRebinder': registering with JMX server as MBean [org.springframework.cloud.context.properties:name=configurationPropertiesRebinder,context=7b44b63d,type=ConfigurationPropertiesRebinder]
2018-05-16 10:14:11.158 [main] INFO  o.s.j.e.a.AnnotationMBeanExporter
				-Located managed bean 'refreshEndpoint': registering with JMX server as MBean [org.springframework.cloud.endpoint:name=refreshEndpoint,type=RefreshEndpoint]
2018-05-16 10:14:11.159 [main] INFO  o.s.b.a.e.jmx.EndpointMBeanExporter
				-Registering beans for JMX exposure on startup
2018-05-16 10:14:11.370 [main] INFO  o.s.c.s.DefaultLifecycleProcessor
				-Starting beans in phase 0
2018-05-16 10:14:11.371 [main] INFO  o.s.c.n.e.EurekaDiscoveryClientConfiguration
				-Registering application eureka-server with eureka with status UP
2018-05-16 10:14:11.371 [Thread-26] INFO  o.s.c.n.e.s.EurekaServerBootstrap
				-Setting the eureka configuration..
2018-05-16 10:14:11.371 [Thread-26] INFO  o.s.c.n.e.s.EurekaServerBootstrap
				-Eureka data center value eureka.datacenter is not set, defaulting to default
2018-05-16 10:14:11.371 [Thread-26] INFO  o.s.c.n.e.s.EurekaServerBootstrap
				-Eureka environment value eureka.environment is not set, defaulting to test
2018-05-16 10:14:11.373 [main] INFO  o.s.b.a.e.jmx.EndpointMBeanExporter
				-Located managed bean 'auditEventsEndpoint': registering with JMX server as MBean [org.springframework.boot:type=Endpoint,name=auditEventsEndpoint]
2018-05-16 10:14:11.384 [main] INFO  o.s.b.a.e.jmx.EndpointMBeanExporter
				-Located managed bean 'featuresEndpoint': registering with JMX server as MBean [org.springframework.boot:type=Endpoint,name=featuresEndpoint]
2018-05-16 10:14:11.391 [Thread-26] INFO  o.s.c.n.e.s.EurekaServerBootstrap
				-isAws returned false
2018-05-16 10:14:11.391 [Thread-26] INFO  o.s.c.n.e.s.EurekaServerBootstrap
				-Initialized server context
2018-05-16 10:14:11.391 [Thread-26] INFO  c.n.e.r.PeerAwareInstanceRegistryImpl
				-Got 1 instances from neighboring DS node
2018-05-16 10:14:11.391 [Thread-26] INFO  c.n.e.r.PeerAwareInstanceRegistryImpl
				-Renew threshold is: 1
2018-05-16 10:14:11.392 [Thread-26] INFO  c.n.e.r.PeerAwareInstanceRegistryImpl
				-Changing status to UP
2018-05-16 10:14:11.394 [main] INFO  o.s.b.a.e.jmx.EndpointMBeanExporter
				-Located managed bean 'requestMappingEndpoint': registering with JMX server as MBean [org.springframework.boot:type=Endpoint,name=requestMappingEndpoint]
2018-05-16 10:14:11.396 [Thread-26] INFO  o.s.c.n.e.s.EurekaServerInitializerConfiguration
				-Started Eureka Server
2018-05-16 10:14:11.396 [main] INFO  o.s.b.a.e.jmx.EndpointMBeanExporter
				-Located managed bean 'environmentEndpoint': registering with JMX server as MBean [org.springframework.boot:type=Endpoint,name=environmentEndpoint]
2018-05-16 10:14:11.399 [main] INFO  o.s.b.a.e.jmx.EndpointMBeanExporter
				-Located managed bean 'healthEndpoint': registering with JMX server as MBean [org.springframework.boot:type=Endpoint,name=healthEndpoint]
2018-05-16 10:14:11.401 [main] INFO  o.s.b.a.e.jmx.EndpointMBeanExporter
				-Located managed bean 'beansEndpoint': registering with JMX server as MBean [org.springframework.boot:type=Endpoint,name=beansEndpoint]
2018-05-16 10:14:11.403 [main] INFO  o.s.b.a.e.jmx.EndpointMBeanExporter
				-Located managed bean 'infoEndpoint': registering with JMX server as MBean [org.springframework.boot:type=Endpoint,name=infoEndpoint]
2018-05-16 10:14:11.405 [main] INFO  o.s.b.a.e.jmx.EndpointMBeanExporter
				-Located managed bean 'loggersEndpoint': registering with JMX server as MBean [org.springframework.boot:type=Endpoint,name=loggersEndpoint]
2018-05-16 10:14:11.409 [main] INFO  o.s.b.a.e.jmx.EndpointMBeanExporter
				-Located managed bean 'metricsEndpoint': registering with JMX server as MBean [org.springframework.boot:type=Endpoint,name=metricsEndpoint]
2018-05-16 10:14:11.411 [main] INFO  o.s.b.a.e.jmx.EndpointMBeanExporter
				-Located managed bean 'traceEndpoint': registering with JMX server as MBean [org.springframework.boot:type=Endpoint,name=traceEndpoint]
2018-05-16 10:14:11.413 [main] INFO  o.s.b.a.e.jmx.EndpointMBeanExporter
				-Located managed bean 'dumpEndpoint': registering with JMX server as MBean [org.springframework.boot:type=Endpoint,name=dumpEndpoint]
2018-05-16 10:14:11.414 [main] INFO  o.s.b.a.e.jmx.EndpointMBeanExporter
				-Located managed bean 'autoConfigurationReportEndpoint': registering with JMX server as MBean [org.springframework.boot:type=Endpoint,name=autoConfigurationReportEndpoint]
2018-05-16 10:14:11.416 [main] INFO  o.s.b.a.e.jmx.EndpointMBeanExporter
				-Located managed bean 'configurationPropertiesReportEndpoint': registering with JMX server as MBean [org.springframework.boot:type=Endpoint,name=configurationPropertiesReportEndpoint]
2018-05-16 10:14:11.417 [main] INFO  o.s.b.a.e.jmx.EndpointMBeanExporter
				-Located managed bean 'archaiusEndpoint': registering with JMX server as MBean [org.springframework.boot:type=Endpoint,name=archaiusEndpoint]
2018-05-16 10:14:11.431 [main] INFO  o.a.coyote.http11.Http11NioProtocol
				-Starting ProtocolHandler ["http-nio-7070"]
2018-05-16 10:14:11.462 [main] INFO  o.a.tomcat.util.net.NioSelectorPool
				-Using a shared selector for servlet write/read
2018-05-16 10:14:11.481 [main] INFO  o.s.b.c.e.t.TomcatEmbeddedServletContainer
				-Tomcat started on port(s): 7070 (http)
2018-05-16 10:14:11.482 [main] INFO  o.s.c.n.e.EurekaDiscoveryClientConfiguration
				-Updating port to 7070
2018-05-16 10:14:11.486 [main] INFO  com.arthur.EurekaServer
				-Started EurekaServer in 6.739 seconds (JVM running for 9.22)
2018-05-16 10:15:11.396 [Eureka-EvictionTimer] INFO  c.n.e.r.AbstractInstanceRegistry
				-Running the evict task with compensationTime 0ms
2018-05-16 10:15:12.731 [http-nio-7070-exec-1] INFO  o.a.c.c.C.[Tomcat].[localhost].[/]
				-Initializing Spring FrameworkServlet 'dispatcherServlet'
2018-05-16 10:15:12.732 [http-nio-7070-exec-1] INFO  o.s.web.servlet.DispatcherServlet
				-FrameworkServlet 'dispatcherServlet': initialization started
2018-05-16 10:15:12.766 [http-nio-7070-exec-1] INFO  o.s.web.servlet.DispatcherServlet
				-FrameworkServlet 'dispatcherServlet': initialization completed in 34 ms
2018-05-16 10:15:13.051 [http-nio-7070-exec-2] WARN  c.n.e.r.AbstractInstanceRegistry
				-DS: Registry: cancel failed because Lease is not registered for: SERVICE-SYS/192.168.4.64:service-sys:-1
2018-05-16 10:15:13.051 [http-nio-7070-exec-2] INFO  c.n.e.resources.InstanceResource
				-Not Found (Cancel): SERVICE-SYS - 192.168.4.64:service-sys:-1
2018-05-16 10:16:11.401 [Eureka-EvictionTimer] INFO  c.n.e.r.AbstractInstanceRegistry
				-Running the evict task with compensationTime 4ms
2018-05-16 10:16:35.696 [http-nio-7070-exec-5] WARN  c.n.e.r.AbstractInstanceRegistry
				-DS: Registry: cancel failed because Lease is not registered for: SERVICE-SYS/192.168.4.64:service-sys:-1
2018-05-16 10:16:35.727 [http-nio-7070-exec-5] INFO  c.n.e.resources.InstanceResource
				-Not Found (Cancel): SERVICE-SYS - 192.168.4.64:service-sys:-1
2018-05-16 10:17:11.405 [Eureka-EvictionTimer] INFO  c.n.e.r.AbstractInstanceRegistry
				-Running the evict task with compensationTime 3ms
2018-05-16 10:18:11.407 [Eureka-EvictionTimer] INFO  c.n.e.r.AbstractInstanceRegistry
				-Running the evict task with compensationTime 1ms
2018-05-16 10:18:36.453 [http-nio-7070-exec-8] WARN  c.n.e.r.AbstractInstanceRegistry
				-DS: Registry: cancel failed because Lease is not registered for: SERVICE-SYS/192.168.4.64:service-sys:-1
2018-05-16 10:18:36.453 [http-nio-7070-exec-8] INFO  c.n.e.resources.InstanceResource
				-Not Found (Cancel): SERVICE-SYS - 192.168.4.64:service-sys:-1
2018-05-16 10:19:11.408 [Eureka-EvictionTimer] INFO  c.n.e.r.AbstractInstanceRegistry
				-Running the evict task with compensationTime 1ms
2018-05-16 10:20:11.413 [Eureka-EvictionTimer] INFO  c.n.e.r.AbstractInstanceRegistry
				-Running the evict task with compensationTime 4ms
2018-05-16 10:21:11.417 [Eureka-EvictionTimer] INFO  c.n.e.r.AbstractInstanceRegistry
				-Running the evict task with compensationTime 4ms
2018-05-16 10:22:11.432 [Eureka-EvictionTimer] INFO  c.n.e.r.AbstractInstanceRegistry
				-Running the evict task with compensationTime 4ms
2018-05-16 10:23:11.437 [Eureka-EvictionTimer] INFO  c.n.e.r.AbstractInstanceRegistry
				-Running the evict task with compensationTime 4ms
2018-05-16 10:24:11.439 [Eureka-EvictionTimer] INFO  c.n.e.r.AbstractInstanceRegistry
				-Running the evict task with compensationTime 2ms
2018-05-16 10:25:11.439 [Eureka-EvictionTimer] INFO  c.n.e.r.AbstractInstanceRegistry
				-Running the evict task with compensationTime 0ms
2018-05-16 10:26:11.443 [Eureka-EvictionTimer] INFO  c.n.e.r.AbstractInstanceRegistry
				-Running the evict task with compensationTime 3ms
2018-05-16 10:27:11.445 [Eureka-EvictionTimer] INFO  c.n.e.r.AbstractInstanceRegistry
				-Running the evict task with compensationTime 2ms
2018-05-16 10:28:11.449 [Eureka-EvictionTimer] INFO  c.n.e.r.AbstractInstanceRegistry
				-Running the evict task with compensationTime 3ms
2018-05-16 10:29:09.379 [ReplicaAwareInstanceRegistry - RenewalThresholdUpdater] INFO  c.n.e.r.PeerAwareInstanceRegistryImpl
				-Current renewal threshold is : 1
2018-05-16 10:29:11.453 [Eureka-EvictionTimer] INFO  c.n.e.r.AbstractInstanceRegistry
				-Running the evict task with compensationTime 3ms
2018-05-16 10:30:11.457 [Eureka-EvictionTimer] INFO  c.n.e.r.AbstractInstanceRegistry
				-Running the evict task with compensationTime 3ms
2018-05-16 10:31:11.459 [Eureka-EvictionTimer] INFO  c.n.e.r.AbstractInstanceRegistry
				-Running the evict task with compensationTime 1ms
2018-05-16 10:32:11.464 [Eureka-EvictionTimer] INFO  c.n.e.r.AbstractInstanceRegistry
				-Running the evict task with compensationTime 4ms
2018-05-16 10:33:11.465 [Eureka-EvictionTimer] INFO  c.n.e.r.AbstractInstanceRegistry
				-Running the evict task with compensationTime 1ms
2018-05-16 10:34:11.471 [Eureka-EvictionTimer] INFO  c.n.e.r.AbstractInstanceRegistry
				-Running the evict task with compensationTime 5ms
2018-05-16 10:35:11.475 [Eureka-EvictionTimer] INFO  c.n.e.r.AbstractInstanceRegistry
				-Running the evict task with compensationTime 4ms
2018-05-16 10:36:11.479 [Eureka-EvictionTimer] INFO  c.n.e.r.AbstractInstanceRegistry
				-Running the evict task with compensationTime 3ms
2018-05-16 10:37:11.479 [Eureka-EvictionTimer] INFO  c.n.e.r.AbstractInstanceRegistry
				-Running the evict task with compensationTime 5ms
2018-05-16 10:38:11.481 [Eureka-EvictionTimer] INFO  c.n.e.r.AbstractInstanceRegistry
				-Running the evict task with compensationTime 2ms
2018-05-16 10:39:11.485 [Eureka-EvictionTimer] INFO  c.n.e.r.AbstractInstanceRegistry
				-Running the evict task with compensationTime 3ms
2018-05-16 10:40:11.487 [Eureka-EvictionTimer] INFO  c.n.e.r.AbstractInstanceRegistry
				-Running the evict task with compensationTime 2ms
2018-05-16 10:41:11.490 [Eureka-EvictionTimer] INFO  c.n.e.r.AbstractInstanceRegistry
				-Running the evict task with compensationTime 2ms
2018-05-16 10:42:11.494 [Eureka-EvictionTimer] INFO  c.n.e.r.AbstractInstanceRegistry
				-Running the evict task with compensationTime 4ms
2018-05-16 10:43:11.496 [Eureka-EvictionTimer] INFO  c.n.e.r.AbstractInstanceRegistry
				-Running the evict task with compensationTime 1ms
2018-05-16 10:44:09.378 [ReplicaAwareInstanceRegistry - RenewalThresholdUpdater] INFO  c.n.e.r.PeerAwareInstanceRegistryImpl
				-Current renewal threshold is : 1
2018-05-16 10:44:11.501 [Eureka-EvictionTimer] INFO  c.n.e.r.AbstractInstanceRegistry
				-Running the evict task with compensationTime 5ms
2018-05-16 10:45:11.505 [Eureka-EvictionTimer] INFO  c.n.e.r.AbstractInstanceRegistry
				-Running the evict task with compensationTime 3ms
2018-05-16 10:46:11.509 [Eureka-EvictionTimer] INFO  c.n.e.r.AbstractInstanceRegistry
				-Running the evict task with compensationTime 4ms
2018-05-16 10:47:11.511 [Eureka-EvictionTimer] INFO  c.n.e.r.AbstractInstanceRegistry
				-Running the evict task with compensationTime 1ms
2018-05-16 10:48:11.514 [Eureka-EvictionTimer] INFO  c.n.e.r.AbstractInstanceRegistry
				-Running the evict task with compensationTime 2ms
2018-05-16 10:49:11.516 [Eureka-EvictionTimer] INFO  c.n.e.r.AbstractInstanceRegistry
				-Running the evict task with compensationTime 1ms
2018-05-16 10:50:11.521 [Eureka-EvictionTimer] INFO  c.n.e.r.AbstractInstanceRegistry
				-Running the evict task with compensationTime 5ms
2018-05-16 10:51:11.526 [Eureka-EvictionTimer] INFO  c.n.e.r.AbstractInstanceRegistry
				-Running the evict task with compensationTime 4ms
2018-05-16 10:52:11.529 [Eureka-EvictionTimer] INFO  c.n.e.r.AbstractInstanceRegistry
				-Running the evict task with compensationTime 2ms
2018-05-16 10:53:11.534 [Eureka-EvictionTimer] INFO  c.n.e.r.AbstractInstanceRegistry
				-Running the evict task with compensationTime 5ms
2018-05-16 10:54:11.539 [Eureka-EvictionTimer] INFO  c.n.e.r.AbstractInstanceRegistry
				-Running the evict task with compensationTime 4ms
2018-05-16 10:55:11.542 [Eureka-EvictionTimer] INFO  c.n.e.r.AbstractInstanceRegistry
				-Running the evict task with compensationTime 3ms
2018-05-16 10:56:11.544 [Eureka-EvictionTimer] INFO  c.n.e.r.AbstractInstanceRegistry
				-Running the evict task with compensationTime 1ms
2018-05-16 10:57:11.550 [Eureka-EvictionTimer] INFO  c.n.e.r.AbstractInstanceRegistry
				-Running the evict task with compensationTime 5ms
2018-05-16 10:58:11.551 [Eureka-EvictionTimer] INFO  c.n.e.r.AbstractInstanceRegistry
				-Running the evict task with compensationTime 3ms
2018-05-16 10:59:09.382 [ReplicaAwareInstanceRegistry - RenewalThresholdUpdater] INFO  c.n.e.r.PeerAwareInstanceRegistryImpl
				-Current renewal threshold is : 1
2018-05-16 10:59:11.553 [Eureka-EvictionTimer] INFO  c.n.e.r.AbstractInstanceRegistry
				-Running the evict task with compensationTime 1ms
2018-05-16 11:00:11.558 [Eureka-EvictionTimer] INFO  c.n.e.r.AbstractInstanceRegistry
				-Running the evict task with compensationTime 4ms
2018-05-16 11:01:11.562 [Eureka-EvictionTimer] INFO  c.n.e.r.AbstractInstanceRegistry
				-Running the evict task with compensationTime 3ms
2018-05-16 11:02:11.564 [Eureka-EvictionTimer] INFO  c.n.e.r.AbstractInstanceRegistry
				-Running the evict task with compensationTime 2ms
2018-05-16 11:03:11.564 [Eureka-EvictionTimer] INFO  c.n.e.r.AbstractInstanceRegistry
				-Running the evict task with compensationTime 0ms
2018-05-16 11:04:11.570 [Eureka-EvictionTimer] INFO  c.n.e.r.AbstractInstanceRegistry
				-Running the evict task with compensationTime 5ms
2018-05-16 11:05:11.574 [Eureka-EvictionTimer] INFO  c.n.e.r.AbstractInstanceRegistry
				-Running the evict task with compensationTime 4ms
2018-05-16 11:06:11.578 [Eureka-EvictionTimer] INFO  c.n.e.r.AbstractInstanceRegistry
				-Running the evict task with compensationTime 4ms
2018-05-16 11:07:11.583 [Eureka-EvictionTimer] INFO  c.n.e.r.AbstractInstanceRegistry
				-Running the evict task with compensationTime 4ms
2018-05-16 11:08:11.587 [Eureka-EvictionTimer] INFO  c.n.e.r.AbstractInstanceRegistry
				-Running the evict task with compensationTime 4ms
2018-05-16 11:09:11.590 [Eureka-EvictionTimer] INFO  c.n.e.r.AbstractInstanceRegistry
				-Running the evict task with compensationTime 2ms
2018-05-16 11:10:11.591 [Eureka-EvictionTimer] INFO  c.n.e.r.AbstractInstanceRegistry
				-Running the evict task with compensationTime 0ms
2018-05-16 11:10:20.589 [Thread-28] INFO  o.s.b.c.e.AnnotationConfigEmbeddedWebApplicationContext
				-Closing org.springframework.boot.context.embedded.AnnotationConfigEmbeddedWebApplicationContext@7b44b63d: startup date [Wed May 16 10:14:05 CST 2018]; parent: org.springframework.context.annotation.AnnotationConfigApplicationContext@2d96543c
2018-05-16 11:10:20.590 [Thread-28] INFO  o.s.c.n.e.EurekaDiscoveryClientConfiguration
				-Unregistering application eureka-server with eureka with status DOWN
2018-05-16 11:10:20.591 [Thread-28] INFO  c.netflix.discovery.DiscoveryClient
				-Shutting down DiscoveryClient ...
2018-05-16 11:10:20.591 [Thread-28] INFO  c.netflix.discovery.DiscoveryClient
				-Completed shut down of DiscoveryClient
2018-05-16 11:10:20.593 [Thread-28] INFO  o.s.c.s.DefaultLifecycleProcessor
				-Stopping beans in phase 0
2018-05-16 11:10:20.604 [Thread-28] INFO  o.s.b.a.e.jmx.EndpointMBeanExporter
				-Unregistering JMX-exposed beans on shutdown
2018-05-16 11:10:20.605 [Thread-28] INFO  o.s.b.a.e.jmx.EndpointMBeanExporter
				-Unregistering JMX-exposed beans
2018-05-16 11:10:20.606 [Thread-28] INFO  o.s.j.e.a.AnnotationMBeanExporter
				-Unregistering JMX-exposed beans on shutdown
2018-05-16 11:10:20.607 [Thread-28] INFO  o.s.j.e.a.AnnotationMBeanExporter
				-Unregistering JMX-exposed beans
2018-05-16 11:10:20.609 [Thread-28] INFO  c.n.e.DefaultEurekaServerContext
				-Shutting down ...
2018-05-16 11:10:20.620 [Thread-28] INFO  c.n.e.DefaultEurekaServerContext
				-Shut down
